Determining if the pthread_create exist failed with the following output:
Change Dir: /media/Data/lugol/Desktop/RoBorregos/Lectures/UnitTest/build/CMakeFiles/CMakeTmp

Run Build Command:"/usr/bin/make" "cmTC_64202/fast"
/usr/bin/make -f CMakeFiles/cmTC_64202.dir/build.make CMakeFiles/cmTC_64202.dir/build
make[1]: Entering directory '/media/Data/lugol/Desktop/RoBorregos/Lectures/UnitTest/build/CMakeFiles/CMakeTmp'
Building C object CMakeFiles/cmTC_64202.dir/CheckSymbolExists.c.o
/usr/bin/cc    -o CMakeFiles/cmTC_64202.dir/CheckSymbolExists.c.o   -c /media/Data/lugol/Desktop/RoBorregos/Lectures/UnitTest/build/CMakeFiles/CMakeTmp/CheckSymbolExists.c
Linking C executable cmTC_64202
/usr/bin/cmake -E cmake_link_script CMakeFiles/cmTC_64202.dir/link.txt --verbose=1
/usr/bin/cc      -rdynamic CMakeFiles/cmTC_64202.dir/CheckSymbolExists.c.o  -o cmTC_64202 
CMakeFiles/cmTC_64202.dir/CheckSymbolExists.c.o: In function `main':
CheckSymbolExists.c:(.text+0x1b): undefined reference to `pthread_create'
collect2: error: ld returned 1 exit status
CMakeFiles/cmTC_64202.dir/build.make:97: recipe for target 'cmTC_64202' failed
make[1]: *** [cmTC_64202] Error 1
make[1]: Leaving directory '/media/Data/lugol/Desktop/RoBorregos/Lectures/UnitTest/build/CMakeFiles/CMakeTmp'
Makefile:126: recipe for target 'cmTC_64202/fast' failed
make: *** [cmTC_64202/fast] Error 2

File /media/Data/lugol/Desktop/RoBorregos/Lectures/UnitTest/build/CMakeFiles/CMakeTmp/CheckSymbolExists.c:
/* */
#include <pthread.h>

int main(int argc, char** argv)
{
  (void)argv;
#ifndef pthread_create
  return ((int*)(&pthread_create))[argc];
#else
  (void)argc;
  return 0;
#endif
}

Determining if the function pthread_create exists in the pthreads failed with the following output:
Change Dir: /media/Data/lugol/Desktop/RoBorregos/Lectures/UnitTest/build/CMakeFiles/CMakeTmp

Run Build Command:"/usr/bin/make" "cmTC_9d492/fast"
/usr/bin/make -f CMakeFiles/cmTC_9d492.dir/build.make CMakeFiles/cmTC_9d492.dir/build
make[1]: Entering directory '/media/Data/lugol/Desktop/RoBorregos/Lectures/UnitTest/build/CMakeFiles/CMakeTmp'
Building C object CMakeFiles/cmTC_9d492.dir/CheckFunctionExists.c.o
/usr/bin/cc   -DCHECK_FUNCTION_EXISTS=pthread_create   -o CMakeFiles/cmTC_9d492.dir/CheckFunctionExists.c.o   -c /usr/share/cmake-3.10/Modules/CheckFunctionExists.c
Linking C executable cmTC_9d492
/usr/bin/cmake -E cmake_link_script CMakeFiles/cmTC_9d492.dir/link.txt --verbose=1
/usr/bin/cc  -DCHECK_FUNCTION_EXISTS=pthread_create    -rdynamic CMakeFiles/cmTC_9d492.dir/CheckFunctionExists.c.o  -o cmTC_9d492 -lpthreads 
/usr/bin/ld: cannot find -lpthreads
collect2: error: ld returned 1 exit status
CMakeFiles/cmTC_9d492.dir/build.make:97: recipe for target 'cmTC_9d492' failed
make[1]: *** [cmTC_9d492] Error 1
make[1]: Leaving directory '/media/Data/lugol/Desktop/RoBorregos/Lectures/UnitTest/build/CMakeFiles/CMakeTmp'
Makefile:126: recipe for target 'cmTC_9d492/fast' failed
make: *** [cmTC_9d492/fast] Error 2


